<?xml version="1.0" encoding="UTF-8"?>
<testsuite xmlns:xsi="http://www.w3.org/2001/XMLSchema-instance" xsi:noNamespaceSchemaLocation="https://maven.apache.org/surefire/maven-surefire-plugin/xsd/surefire-test-report.xsd" name="it.polito.po.test.TestR5_Stats" time="0" tests="3" errors="0" skipped="0" failures="3">
  <properties>
    <property name="java.specification.version" value="19"/>
    <property name="sun.jnu.encoding" value="UTF-8"/>
    <property name="java.class.path" value="/Users/mtk/Documents/Teaching/_OOP/Esami/20230627/consegne/s314800/target/test-classes:/Users/mtk/Documents/Teaching/_OOP/Esami/20230627/consegne/s314800/target/classes:/Users/mtk/.m2/repository/junit/junit/4.13.2/junit-4.13.2.jar:/Users/mtk/.m2/repository/org/hamcrest/hamcrest-core/1.3/hamcrest-core-1.3.jar:"/>
    <property name="java.vm.vendor" value="Homebrew"/>
    <property name="sun.arch.data.model" value="64"/>
    <property name="java.vendor.url" value="https://github.com/Homebrew/homebrew-core/issues"/>
    <property name="os.name" value="Mac OS X"/>
    <property name="java.vm.specification.version" value="19"/>
    <property name="sun.java.launcher" value="SUN_STANDARD"/>
    <property name="user.country" value="GB"/>
    <property name="sun.boot.library.path" value="/opt/homebrew/Cellar/openjdk/19.0.1/libexec/openjdk.jdk/Contents/Home/lib"/>
    <property name="sun.java.command" value="/Users/mtk/Documents/Teaching/_OOP/Esami/20230627/consegne/s314800/target/surefire/surefirebooter2022356949358795257.jar /Users/mtk/Documents/Teaching/_OOP/Esami/20230627/consegne/s314800/target/surefire 2023-06-29T10-41-31_209-jvmRun1 surefire14592042796299468901tmp surefire_010511868386279552222tmp"/>
    <property name="http.nonProxyHosts" value="local|*.local|169.254/16|*.169.254/16"/>
    <property name="jdk.debug" value="release"/>
    <property name="surefire.test.class.path" value="/Users/mtk/Documents/Teaching/_OOP/Esami/20230627/consegne/s314800/target/test-classes:/Users/mtk/Documents/Teaching/_OOP/Esami/20230627/consegne/s314800/target/classes:/Users/mtk/.m2/repository/junit/junit/4.13.2/junit-4.13.2.jar:/Users/mtk/.m2/repository/org/hamcrest/hamcrest-core/1.3/hamcrest-core-1.3.jar:"/>
    <property name="sun.cpu.endian" value="little"/>
    <property name="user.home" value="/Users/mtk"/>
    <property name="user.language" value="en"/>
    <property name="java.specification.vendor" value="Oracle Corporation"/>
    <property name="java.version.date" value="2022-10-18"/>
    <property name="java.home" value="/opt/homebrew/Cellar/openjdk/19.0.1/libexec/openjdk.jdk/Contents/Home"/>
    <property name="file.separator" value="/"/>
    <property name="basedir" value="/Users/mtk/Documents/Teaching/_OOP/Esami/20230627/consegne/s314800"/>
    <property name="java.vm.compressedOopsMode" value="Zero based"/>
    <property name="line.separator" value="&#10;"/>
    <property name="java.vm.specification.vendor" value="Oracle Corporation"/>
    <property name="java.specification.name" value="Java Platform API Specification"/>
    <property name="apple.awt.application.name" value="ForkedBooter"/>
    <property name="surefire.real.class.path" value="/Users/mtk/Documents/Teaching/_OOP/Esami/20230627/consegne/s314800/target/surefire/surefirebooter2022356949358795257.jar"/>
    <property name="sun.management.compiler" value="HotSpot 64-Bit Tiered Compilers"/>
    <property name="ftp.nonProxyHosts" value="local|*.local|169.254/16|*.169.254/16"/>
    <property name="java.runtime.version" value="19.0.1"/>
    <property name="user.name" value="mtk"/>
    <property name="stdout.encoding" value="UTF-8"/>
    <property name="path.separator" value=":"/>
    <property name="os.version" value="13.4"/>
    <property name="java.runtime.name" value="OpenJDK Runtime Environment"/>
    <property name="file.encoding" value="UTF-8"/>
    <property name="java.vm.name" value="OpenJDK 64-Bit Server VM"/>
    <property name="java.vendor.version" value="Homebrew"/>
    <property name="localRepository" value="/Users/mtk/.m2/repository"/>
    <property name="java.vendor.url.bug" value="https://github.com/Homebrew/homebrew-core/issues"/>
    <property name="java.io.tmpdir" value="/var/folders/7s/gr6tvnhs4_jb1fnt3r3zyc7r0000gn/T/"/>
    <property name="java.version" value="19.0.1"/>
    <property name="user.dir" value="/Users/mtk/Documents/Teaching/_OOP/Esami/20230627/consegne/s314800"/>
    <property name="os.arch" value="aarch64"/>
    <property name="java.vm.specification.name" value="Java Virtual Machine Specification"/>
    <property name="native.encoding" value="UTF-8"/>
    <property name="java.library.path" value="/Users/mtk/Library/Java/Extensions:/Library/Java/Extensions:/Network/Library/Java/Extensions:/System/Library/Java/Extensions:/usr/lib/java:."/>
    <property name="java.vm.info" value="mixed mode, sharing"/>
    <property name="stderr.encoding" value="UTF-8"/>
    <property name="java.vendor" value="Homebrew"/>
    <property name="java.vm.version" value="19.0.1"/>
    <property name="sun.io.unicode.encoding" value="UnicodeBig"/>
    <property name="socksNonProxyHosts" value="local|*.local|169.254/16|*.169.254/16"/>
    <property name="java.class.version" value="63.0"/>
  </properties>
  <testcase name="testFillRatio" classname="it.polito.po.test.TestR5_Stats" time="0">
    <failure message="Wrong fill ratio expected:&lt;0.0125&gt; but was:&lt;-1.0&gt;" type="java.lang.AssertionError"><![CDATA[java.lang.AssertionError: Wrong fill ratio expected:<0.0125> but was:<-1.0>
	at it.polito.po.test.TestR5_Stats.testFillRatio(TestR5_Stats.java:50)
]]></failure>
  </testcase>
  <testcase name="testCoverage" classname="it.polito.po.test.TestR5_Stats" time="0">
    <failure message="Missing coverage info" type="java.lang.AssertionError">java.lang.AssertionError: Missing coverage info
	at it.polito.po.test.TestR5_Stats.testCoverage(TestR5_Stats.java:63)
</failure>
  </testcase>
  <testcase name="testOccupationRatio" classname="it.polito.po.test.TestR5_Stats" time="0">
    <failure message="Wrong occupation ratio expected:&lt;0.010416666666666666&gt; but was:&lt;-1.0&gt;" type="java.lang.AssertionError"><![CDATA[java.lang.AssertionError: Wrong occupation ratio expected:<0.010416666666666666> but was:<-1.0>
	at it.polito.po.test.TestR5_Stats.testOccupationRatio(TestR5_Stats.java:57)
]]></failure>
  </testcase>
</testsuite>